###############################################################################
#
# IAR ANSI C/C++ Compiler V7.20.5.7591/W32 for ARM        26/Dec/2018  16:13:48
# Copyright 1999-2014 IAR Systems AB.
#
#    Cpu mode     =  thumb
#    Endian       =  little
#    Source file  =  D:\2019.IAR\lib\common\alloc.c
#    Command line =  
#        D:\2019.IAR\lib\common\alloc.c -D LPLD_K60 -lCN
#        "D:\2019.IAR\project\(FatFS SDHC)LPLD_FatFs\iar\RAM\List\" -lB
#        "D:\2019.IAR\project\(FatFS SDHC)LPLD_FatFs\iar\RAM\List\" -o
#        "D:\2019.IAR\project\(FatFS SDHC)LPLD_FatFs\iar\RAM\Obj\" --no_cse
#        --no_unroll --no_inline --no_code_motion --no_tbaa --no_clustering
#        --no_scheduling --debug --endian=little --cpu=Cortex-M4 -e --fpu=None
#        --dlib_config "D:\Embedded Workbench
#        7.0\arm\INC\c\DLib_Config_Normal.h" -I "D:\2019.IAR\project\(FatFS
#        SDHC)LPLD_FatFs\iar\..\app\" -I "D:\2019.IAR\project\(FatFS
#        SDHC)LPLD_FatFs\iar\..\..\..\lib\CPU\" -I "D:\2019.IAR\project\(FatFS
#        SDHC)LPLD_FatFs\iar\..\..\..\lib\common\" -I
#        "D:\2019.IAR\project\(FatFS SDHC)LPLD_FatFs\iar\..\..\..\lib\LPLD\" -I
#        "D:\2019.IAR\project\(FatFS SDHC)LPLD_FatFs\iar\..\..\..\lib\LPLD\HW\"
#        -I "D:\2019.IAR\project\(FatFS
#        SDHC)LPLD_FatFs\iar\..\..\..\lib\LPLD\DEV\" -I
#        "D:\2019.IAR\project\(FatFS
#        SDHC)LPLD_FatFs\iar\..\..\..\lib\uCOS-II\Ports\" -I
#        "D:\2019.IAR\project\(FatFS
#        SDHC)LPLD_FatFs\iar\..\..\..\lib\uCOS-II\Source\" -I
#        "D:\2019.IAR\project\(FatFS SDHC)LPLD_FatFs\iar\..\..\..\lib\FatFs\"
#        -I "D:\2019.IAR\project\(FatFS
#        SDHC)LPLD_FatFs\iar\..\..\..\lib\FatFs\option\" -I
#        "D:\2019.IAR\project\(FatFS
#        SDHC)LPLD_FatFs\iar\..\..\..\lib\USB\common\" -I
#        "D:\2019.IAR\project\(FatFS
#        SDHC)LPLD_FatFs\iar\..\..\..\lib\USB\driver\" -I
#        "D:\2019.IAR\project\(FatFS
#        SDHC)LPLD_FatFs\iar\..\..\..\lib\USB\descriptor\" -I
#        "D:\2019.IAR\project\(FatFS
#        SDHC)LPLD_FatFs\iar\..\..\..\lib\USB\class\" -Ol -I "D:\Embedded
#        Workbench 7.0\arm\CMSIS\Include\" -D ARM_MATH_CM4
#    List file    =  
#        D:\2019.IAR\project\(FatFS SDHC)LPLD_FatFs\iar\RAM\List\alloc.lst
#    Object file  =  
#        D:\2019.IAR\project\(FatFS SDHC)LPLD_FatFs\iar\RAM\Obj\alloc.o
#
###############################################################################

D:\2019.IAR\lib\common\alloc.c
      1          /**
      2           * @file alloc.c
      3           * @version 3.0[By LPLD]
      4           * @date 2013-06-18
      5           * @brief 通用 malloc()、free() 函数
      6           *
      7           * 更改建议:不建议修改
      8           *
      9           * 该代码提供系统内存分配和释放函数。
     10           * 用户可选片内或片外内存，片外内存需FlexBus支持。
     11           *
     12           * 版权所有:北京拉普兰德电子技术有限公司
     13           * http://www.lpld.cn
     14           * mail:support@lpld.cn
     15           *
     16           * @par
     17           * 本代码由拉普兰德[LPLD]开发并维护，并向所有使用者开放源代码。
     18           * 开发者可以随意修使用或改源代码。但本段及以上注释应予以保留。
     19           * 不得更改或删除原版权所有者姓名，二次开发者可以加注二次版权所有者。
     20           * 但应在遵守此协议的基础上，开放源代码、不得出售代码本身。
     21           * 拉普兰德不负责由于使用本代码所带来的任何事故、法律责任或相关不良影响。
     22           * 拉普兰德无义务解释、说明本代码的具体原理、功能、实现方法。
     23           * 除非拉普兰德[LPLD]授权，开发者不得将本代码用于商业产品。
     24           */
     25          
     26          #include "common.h"
     27          #include "stdlib.h"
     28          
     29          #if defined(__IAR_SYSTEMS_ICC__)
     30            #pragma section = "HEAP"
     31          #endif
     32          
     33          /********************************************************************/
     34          
     35          /*
     36           * This struct forms the minimum block size which is allocated, and
     37           * also forms the linked list for the memory space used with alloc()
     38           * and free().  It is padded so that on a 32-bit machine, all malloc'ed
     39           * pointers are 16-byte aligned.
     40           */
     41          typedef struct ALLOC_HDR
     42          {
     43              struct
     44              {
     45                  struct ALLOC_HDR     *ptr;
     46                  unsigned int size;
     47              } s;
     48              unsigned int align;
     49              unsigned int pad;
     50          } ALLOC_HDR;
     51          

   \                                 In section .bss, align 4
     52          static ALLOC_HDR base;
   \                     base:
   \   00000000                      DS8 16

   \                                 In section .bss, align 4
     53          static ALLOC_HDR *freep = NULL;
   \                     freep:
   \   00000000                      DS8 4
     54          
     55          /********************************************************************/

   \                                 In section .text, align 2, keep-with-next
     56          void free (void *ap)
     57          {
     58              ALLOC_HDR *bp, *p;
     59          
     60              bp = (ALLOC_HDR *)ap - 1;   /* point to block header */
   \                     free: (+1)
   \   00000000   0x3810             SUBS     R0,R0,#+16
     61              for (p = freep; !((bp > p) && (bp < p->s.ptr)) ; p = p->s.ptr)
   \   00000002   0x....             LDR.N    R1,??DataTable1
   \   00000004   0x6809             LDR      R1,[R1, #+0]
   \   00000006   0xE000             B.N      ??free_0
   \                     ??free_1: (+1)
   \   00000008   0x6809             LDR      R1,[R1, #+0]
   \                     ??free_0: (+1)
   \   0000000A   0x4281             CMP      R1,R0
   \   0000000C   0xD202             BCS.N    ??free_2
   \   0000000E   0x680A             LDR      R2,[R1, #+0]
   \   00000010   0x4290             CMP      R0,R2
   \   00000012   0xD307             BCC.N    ??free_3
     62              {
     63                  if ((p >= p->s.ptr) && ((bp > p) || (bp < p->s.ptr)))
   \                     ??free_2: (+1)
   \   00000014   0x680A             LDR      R2,[R1, #+0]
   \   00000016   0x4291             CMP      R1,R2
   \   00000018   0xD3F6             BCC.N    ??free_1
   \   0000001A   0x4281             CMP      R1,R0
   \   0000001C   0xD302             BCC.N    ??free_4
   \   0000001E   0x680A             LDR      R2,[R1, #+0]
   \   00000020   0x4290             CMP      R0,R2
   \   00000022   0xD2F1             BCS.N    ??free_1
     64                  {
     65                      break; /* freed block at start or end of arena */
     66                  }
     67              }
     68          
     69              if ((bp + bp->s.size) == p->s.ptr)
   \                     ??free_4: (+1)
   \                     ??free_3: (+1)
   \   00000024   0x6842             LDR      R2,[R0, #+4]
   \   00000026   0xEB10 0x1202      ADDS     R2,R0,R2, LSL #+4
   \   0000002A   0x680B             LDR      R3,[R1, #+0]
   \   0000002C   0x429A             CMP      R2,R3
   \   0000002E   0xD108             BNE.N    ??free_5
     70              {
     71                  bp->s.size += p->s.ptr->s.size;
   \   00000030   0x6842             LDR      R2,[R0, #+4]
   \   00000032   0x680B             LDR      R3,[R1, #+0]
   \   00000034   0x685B             LDR      R3,[R3, #+4]
   \   00000036   0x189A             ADDS     R2,R3,R2
   \   00000038   0x6042             STR      R2,[R0, #+4]
     72                  bp->s.ptr = p->s.ptr->s.ptr;
   \   0000003A   0x680A             LDR      R2,[R1, #+0]
   \   0000003C   0x6812             LDR      R2,[R2, #+0]
   \   0000003E   0x6002             STR      R2,[R0, #+0]
   \   00000040   0xE001             B.N      ??free_6
     73              }
     74              else
     75              {
     76                  bp->s.ptr = p->s.ptr;
   \                     ??free_5: (+1)
   \   00000042   0x680A             LDR      R2,[R1, #+0]
   \   00000044   0x6002             STR      R2,[R0, #+0]
     77              }
     78          
     79              if ((p + p->s.size) == bp)
   \                     ??free_6: (+1)
   \   00000046   0x684A             LDR      R2,[R1, #+4]
   \   00000048   0xEB11 0x1202      ADDS     R2,R1,R2, LSL #+4
   \   0000004C   0x4282             CMP      R2,R0
   \   0000004E   0xD106             BNE.N    ??free_7
     80              {
     81                  p->s.size += bp->s.size;
   \   00000050   0x684A             LDR      R2,[R1, #+4]
   \   00000052   0x6843             LDR      R3,[R0, #+4]
   \   00000054   0x189A             ADDS     R2,R3,R2
   \   00000056   0x604A             STR      R2,[R1, #+4]
     82                  p->s.ptr = bp->s.ptr;
   \   00000058   0x6800             LDR      R0,[R0, #+0]
   \   0000005A   0x6008             STR      R0,[R1, #+0]
   \   0000005C   0xE000             B.N      ??free_8
     83              }
     84              else
     85              {
     86                  p->s.ptr = bp;
   \                     ??free_7: (+1)
   \   0000005E   0x6008             STR      R0,[R1, #+0]
     87              }
     88          
     89              freep = p;
   \                     ??free_8: (+1)
   \   00000060   0x....             LDR.N    R0,??DataTable1
   \   00000062   0x6001             STR      R1,[R0, #+0]
     90          }
   \   00000064   0x4770             BX       LR               ;; return
     91          
     92          /********************************************************************/

   \                                 In section .text, align 2, keep-with-next
     93          void * malloc (unsigned nbytes)
     94          {
     95              /* Get addresses for the HEAP start and end */
     96              #if defined(__IAR_SYSTEMS_ICC__)
     97                char* __HEAP_START = __section_begin("HEAP");
   \                     malloc: (+1)
   \   00000000   0x....             LDR.N    R1,??DataTable1_1
     98                char* __HEAP_END = __section_end("HEAP");
   \   00000002   0x....             LDR.N    R2,??DataTable1_2
     99              #else
    100                #warning 非IAR编译器需确定HEAP起始结束地址
    101                extern char __HEAP_START;
    102                extern char __HEAP_END[];
    103              #endif
    104             
    105              ALLOC_HDR *p, *prevp;
    106              unsigned nunits;
    107          
    108              nunits = ((nbytes+sizeof(ALLOC_HDR)-1) / sizeof(ALLOC_HDR)) + 1;
   \   00000004   0x300F             ADDS     R0,R0,#+15
   \   00000006   0x0900             LSRS     R0,R0,#+4
   \   00000008   0x1C40             ADDS     R0,R0,#+1
    109          
    110              if ((prevp = freep) == NULL)
   \   0000000A   0x....             LDR.N    R3,??DataTable1
   \   0000000C   0x681B             LDR      R3,[R3, #+0]
   \   0000000E   0x2B00             CMP      R3,#+0
   \   00000010   0xD10E             BNE.N    ??malloc_0
    111              {
    112                  p = (ALLOC_HDR *)__HEAP_START;
    113                  p->s.size = ( ((uint32)__HEAP_END - (uint32)__HEAP_START)
    114                      / sizeof(ALLOC_HDR) );
   \   00000012   0x1A52             SUBS     R2,R2,R1
   \   00000014   0x0912             LSRS     R2,R2,#+4
   \   00000016   0x604A             STR      R2,[R1, #+4]
    115                  p->s.ptr = &base;
   \   00000018   0x....             LDR.N    R2,??DataTable1_3
   \   0000001A   0x600A             STR      R2,[R1, #+0]
    116                  base.s.ptr = p;
   \   0000001C   0x....             LDR.N    R2,??DataTable1_3
   \   0000001E   0x6011             STR      R1,[R2, #+0]
    117                  base.s.size = 0;
   \   00000020   0x2100             MOVS     R1,#+0
   \   00000022   0x....             LDR.N    R2,??DataTable1_3
   \   00000024   0x6051             STR      R1,[R2, #+4]
    118                  prevp = freep = &base;
   \   00000026   0x....             LDR.N    R1,??DataTable1_3
   \   00000028   0x....             LDR.N    R2,??DataTable1
   \   0000002A   0x6011             STR      R1,[R2, #+0]
   \   0000002C   0x....             LDR.N    R1,??DataTable1
   \   0000002E   0x680B             LDR      R3,[R1, #+0]
    119              }
    120          
    121              for (p = prevp->s.ptr; ; prevp = p, p = p->s.ptr)
   \                     ??malloc_0: (+1)
   \   00000030   0x6819             LDR      R1,[R3, #+0]
   \   00000032   0xE001             B.N      ??malloc_1
   \                     ??malloc_2: (+1)
   \   00000034   0x000B             MOVS     R3,R1
   \   00000036   0x6809             LDR      R1,[R1, #+0]
    122              {
    123                  if (p->s.size >= nunits)
   \                     ??malloc_1: (+1)
   \   00000038   0x684A             LDR      R2,[R1, #+4]
   \   0000003A   0x4282             CMP      R2,R0
   \   0000003C   0xD311             BCC.N    ??malloc_3
    124                  {
    125                      if (p->s.size == nunits)
   \   0000003E   0x684A             LDR      R2,[R1, #+4]
   \   00000040   0x4282             CMP      R2,R0
   \   00000042   0xD102             BNE.N    ??malloc_4
    126                      {
    127                          prevp->s.ptr = p->s.ptr;
   \   00000044   0x6808             LDR      R0,[R1, #+0]
   \   00000046   0x6018             STR      R0,[R3, #+0]
   \   00000048   0xE006             B.N      ??malloc_5
    128                      }
    129                      else
    130                      {
    131                          p->s.size -= nunits;
   \                     ??malloc_4: (+1)
   \   0000004A   0x684A             LDR      R2,[R1, #+4]
   \   0000004C   0x1A12             SUBS     R2,R2,R0
   \   0000004E   0x604A             STR      R2,[R1, #+4]
    132                          p += p->s.size;
   \   00000050   0x684A             LDR      R2,[R1, #+4]
   \   00000052   0xEB11 0x1102      ADDS     R1,R1,R2, LSL #+4
    133                          p->s.size = nunits;
   \   00000056   0x6048             STR      R0,[R1, #+4]
    134                      }
    135                      freep = prevp;
   \                     ??malloc_5: (+1)
   \   00000058   0x....             LDR.N    R0,??DataTable1
   \   0000005A   0x6003             STR      R3,[R0, #+0]
    136                      return (void *)(p + 1);
   \   0000005C   0xF111 0x0010      ADDS     R0,R1,#+16
   \   00000060   0xE004             B.N      ??malloc_6
    137                  }
    138          
    139                  if (p == freep)
   \                     ??malloc_3: (+1)
   \   00000062   0x....             LDR.N    R2,??DataTable1
   \   00000064   0x6812             LDR      R2,[R2, #+0]
   \   00000066   0x4291             CMP      R1,R2
   \   00000068   0xD1E4             BNE.N    ??malloc_2
    140                      return NULL;
   \   0000006A   0x2000             MOVS     R0,#+0
   \                     ??malloc_6: (+1)
   \   0000006C   0x4770             BX       LR               ;; return
    141              }
    142          }

   \                                 In section .text, align 4, keep-with-next
   \                     ??DataTable1:
   \   00000000   0x........         DC32     freep

   \                                 In section .text, align 4, keep-with-next
   \                     ??DataTable1_1:
   \   00000000   0x........         DC32     SFB(HEAP)

   \                                 In section .text, align 4, keep-with-next
   \                     ??DataTable1_2:
   \   00000000   0x........         DC32     SFE(HEAP)

   \                                 In section .text, align 4, keep-with-next
   \                     ??DataTable1_3:
   \   00000000   0x........         DC32     base
    143          
    144          /********************************************************************/

   Maximum stack usage in bytes:

   .cstack Function
   ------- --------
       0   free
       0   malloc


   Section sizes:

   Bytes  Function/Label
   -----  --------------
       4  ??DataTable1
       4  ??DataTable1_1
       4  ??DataTable1_2
       4  ??DataTable1_3
      16  base
     102  free
       4  freep
     110  malloc

 
  20 bytes in section .bss
 228 bytes in section .text
 
 228 bytes of CODE memory
  20 bytes of DATA memory

Errors: none
Warnings: none
