###############################################################################
#
# IAR ANSI C/C++ Compiler V7.20.5.7591/W32 for ARM        14/May/2019  18:35:29
# Copyright 1999-2014 IAR Systems AB.
#
#    Cpu mode     =  thumb
#    Endian       =  little
#    Source file  =  D:\2019.IAR\project\001-My NaoKe\app\jianmian.c
#    Command line =  
#        "D:\2019.IAR\project\001-My NaoKe\app\jianmian.c" -D LPLD_K60 -lCN
#        "D:\2019.IAR\project\001-My NaoKe\iar\FLASH\List\" -lB
#        "D:\2019.IAR\project\001-My NaoKe\iar\FLASH\List\" -o
#        "D:\2019.IAR\project\001-My NaoKe\iar\FLASH\Obj\" --no_cse --no_unroll
#        --no_inline --no_code_motion --no_tbaa --no_clustering --no_scheduling
#        --debug --endian=little --cpu=Cortex-M4 -e --fpu=None --dlib_config
#        "D:\Embedded Workbench 7.0\arm\INC\c\DLib_Config_Normal.h" -I
#        "D:\2019.IAR\project\001-My NaoKe\iar\..\app\" -I
#        "D:\2019.IAR\project\001-My NaoKe\iar\..\..\..\lib\CPU\" -I
#        "D:\2019.IAR\project\001-My NaoKe\iar\..\..\..\lib\common\" -I
#        "D:\2019.IAR\project\001-My NaoKe\iar\..\..\..\lib\LPLD\" -I
#        "D:\2019.IAR\project\001-My NaoKe\iar\..\..\..\lib\LPLD\HW\" -I
#        "D:\2019.IAR\project\001-My NaoKe\iar\..\..\..\lib\LPLD\DEV\" -I
#        "D:\2019.IAR\project\001-My NaoKe\iar\..\..\..\lib\uCOS-II\Ports\" -I
#        "D:\2019.IAR\project\001-My NaoKe\iar\..\..\..\lib\uCOS-II\Source\" -I
#        "D:\2019.IAR\project\001-My NaoKe\iar\..\..\..\lib\FatFs\" -I
#        "D:\2019.IAR\project\001-My NaoKe\iar\..\..\..\lib\FatFs\option\" -I
#        "D:\2019.IAR\project\001-My NaoKe\iar\..\..\..\lib\USB\common\" -I
#        "D:\2019.IAR\project\001-My NaoKe\iar\..\..\..\lib\USB\driver\" -I
#        "D:\2019.IAR\project\001-My NaoKe\iar\..\..\..\lib\USB\descriptor\" -I
#        "D:\2019.IAR\project\001-My NaoKe\iar\..\..\..\lib\USB\class\" -Ol -I
#        "D:\Embedded Workbench 7.0\arm\CMSIS\Include\" -D ARM_MATH_CM4
#    List file    =  
#        D:\2019.IAR\project\001-My NaoKe\iar\FLASH\List\jianmian.lst
#    Object file  =  D:\2019.IAR\project\001-My NaoKe\iar\FLASH\Obj\jianmian.o
#
###############################################################################

D:\2019.IAR\project\001-My NaoKe\app\jianmian.c
      1          #include "common.h"
      2          #include "LQ12864.h"
      3          #include "jianmian.h"
      4          #include "yingjian.h"
      5          #include "huatu.h"
      6          extern uint16 mosixuanzi,gamestart,gameing;
      7          extern uint16 key_up,key_down,key_left,key_right;

   \                                 In section .data, align 1
      8          uint8 djm=1,jmms;
   \                     djm:
   \   00000000   0x01               DC8 1

   \                                 In section .bss, align 1
   \                     jmms:
   \   00000000                      DS8 1

   \                                 In section .text, align 2, keep-with-next
      9          void jianmian(void){
   \                     jianmian: (+1)
   \   00000000   0xB51C             PUSH     {R2-R4,LR}
     10            uint8 jmi,jma[5]={1,0,0,0,0};
   \   00000002   0xA800             ADD      R0,SP,#+0
   \   00000004   0x.... 0x....      LDR.W    R1,??DataTable1
   \   00000008   0xC90C             LDM      R1!,{R2,R3}
   \   0000000A   0xC00C             STM      R0!,{R2,R3}
   \   0000000C   0x3908             SUBS     R1,R1,#+8
   \   0000000E   0x3808             SUBS     R0,R0,#+8
     11            jmms=1;
   \   00000010   0x2001             MOVS     R0,#+1
   \   00000012   0x.... 0x....      LDR.W    R1,??DataTable1_1
   \   00000016   0x7008             STRB     R0,[R1, #+0]
   \   00000018   0xE00F             B.N      ??jianmian_0
     12            while(djm){
     13              key();
     14              for(jmi=0;jmi<5;jmi++)
     15                LCD_tuxing(jmi*26,0,jma[jmi]);
     16              for(jmi=0;jmi<6;jmi++){
     17                LCD_tuxing1(0,jmi+2,0);
     18                LCD_tuxing1(127,jmi+2,0);
     19            }
     20              for(jmi=2;jmi<126;jmi++)
     21                LCD_tuxing1(jmi,7,1);
     22            switch (mosixuanzi){
     23              case 1:for (uint16 i=0;i<3;++i){
     24                     LCD_P14x16Ch(72+14*i,3,i+6);}
     25                     LCD_tuxing2(15,3,0);
     26                     break;//推箱子
     27              case 2:for (uint16 i=0;i<2;++i){
     28                     LCD_P14x16Ch(72+14*i,3,i+28);}LCD_P14x16Ch(72+14*2,3,15);
     29                     LCD_tuxing2(15,3,2);
     30                     break;//扫雷
     31              case 3:for (uint16 i=0;i<3;++i){
     32                     LCD_P14x16Ch(72+14*i,3,i+34);}
     33                     LCD_tuxing2(15,3,1);
     34                     break;//五子棋
     35              case 4:LCD_P8x16Str(72,3,"Flash ");
     36                     LCD_tuxing2(15,3,3);
     37                     break;//bad Apple
     38              case 5:for (uint16 i=0;i<2;++i){
     39                     LCD_P14x16Ch(72+14*i,3,i+57);}LCD_P14x16Ch(72+14*2,3,15);
     40                     LCD_tuxing2(15,3,4);
     41                     break;//其他
     42            }
     43          
     44              if(key_left==0){
     45                delay(500);
     46                if(key_left==0){
     47                  mosixuanzi--;
     48                  playmusic(2);
     49                  if(mosixuanzi==0)
     50                    mosixuanzi=5;
     51                   }while(!key_left){key();}
     52                 }
     53              if(key_right==0){
     54                delay(500);
     55                if(key_right==0){
     56                  mosixuanzi++;
     57                  playmusic(2);
     58                  if(mosixuanzi==6)
     59                    mosixuanzi=1;
     60                }while(!key_right){key();}
     61              }
     62              for(jmi=0;jmi<5;jmi++)
     63                jma[jmi]=0;
   \                     ??jianmian_1: (+1)
   \   0000001A   0x2000             MOVS     R0,#+0
   \   0000001C   0xA900             ADD      R1,SP,#+0
   \   0000001E   0xB2E4             UXTB     R4,R4            ;; ZeroExt  R4,R4,#+24,#+24
   \   00000020   0x5460             STRB     R0,[R4, R1]
   \   00000022   0x1C64             ADDS     R4,R4,#+1
   \                     ??jianmian_2: (+1)
   \   00000024   0xB2E4             UXTB     R4,R4            ;; ZeroExt  R4,R4,#+24,#+24
   \   00000026   0x2C05             CMP      R4,#+5
   \   00000028   0xDBF7             BLT.N    ??jianmian_1
     64              jma[mosixuanzi-1]=1;
   \   0000002A   0x2001             MOVS     R0,#+1
   \   0000002C   0xA900             ADD      R1,SP,#+0
   \   0000002E   0x.... 0x....      LDR.W    R2,??DataTable1_2
   \   00000032   0x8812             LDRH     R2,[R2, #+0]
   \   00000034   0x1851             ADDS     R1,R2,R1
   \   00000036   0xF801 0x0C01      STRB     R0,[R1, #-1]
   \                     ??jianmian_0: (+1)
   \   0000003A   0x.... 0x....      LDR.W    R0,??DataTable1_3
   \   0000003E   0x7800             LDRB     R0,[R0, #+0]
   \   00000040   0x2800             CMP      R0,#+0
   \   00000042   0xF000 0x80F6      BEQ.W    ??jianmian_3
   \   00000046   0x.... 0x....      BL       key
   \   0000004A   0x2400             MOVS     R4,#+0
   \   0000004C   0xE00A             B.N      ??jianmian_4
   \                     ??jianmian_5: (+1)
   \   0000004E   0xA800             ADD      R0,SP,#+0
   \   00000050   0xB2E4             UXTB     R4,R4            ;; ZeroExt  R4,R4,#+24,#+24
   \   00000052   0x5C22             LDRB     R2,[R4, R0]
   \   00000054   0x2100             MOVS     R1,#+0
   \   00000056   0x201A             MOVS     R0,#+26
   \   00000058   0xFB14 0xF000      SMULBB   R0,R4,R0
   \   0000005C   0xB2C0             UXTB     R0,R0            ;; ZeroExt  R0,R0,#+24,#+24
   \   0000005E   0x.... 0x....      BL       LCD_tuxing
   \   00000062   0x1C64             ADDS     R4,R4,#+1
   \                     ??jianmian_4: (+1)
   \   00000064   0xB2E4             UXTB     R4,R4            ;; ZeroExt  R4,R4,#+24,#+24
   \   00000066   0x2C05             CMP      R4,#+5
   \   00000068   0xDBF1             BLT.N    ??jianmian_5
   \   0000006A   0x2400             MOVS     R4,#+0
   \   0000006C   0xE00C             B.N      ??jianmian_6
   \                     ??jianmian_7: (+1)
   \   0000006E   0x2200             MOVS     R2,#+0
   \   00000070   0x1CA1             ADDS     R1,R4,#+2
   \   00000072   0xB2C9             UXTB     R1,R1            ;; ZeroExt  R1,R1,#+24,#+24
   \   00000074   0x2000             MOVS     R0,#+0
   \   00000076   0x.... 0x....      BL       LCD_tuxing1
   \   0000007A   0x2200             MOVS     R2,#+0
   \   0000007C   0x1CA1             ADDS     R1,R4,#+2
   \   0000007E   0xB2C9             UXTB     R1,R1            ;; ZeroExt  R1,R1,#+24,#+24
   \   00000080   0x207F             MOVS     R0,#+127
   \   00000082   0x.... 0x....      BL       LCD_tuxing1
   \   00000086   0x1C64             ADDS     R4,R4,#+1
   \                     ??jianmian_6: (+1)
   \   00000088   0xB2E4             UXTB     R4,R4            ;; ZeroExt  R4,R4,#+24,#+24
   \   0000008A   0x2C06             CMP      R4,#+6
   \   0000008C   0xDBEF             BLT.N    ??jianmian_7
   \   0000008E   0x2402             MOVS     R4,#+2
   \   00000090   0xE006             B.N      ??jianmian_8
   \                     ??jianmian_9: (+1)
   \   00000092   0x2201             MOVS     R2,#+1
   \   00000094   0x2107             MOVS     R1,#+7
   \   00000096   0x0020             MOVS     R0,R4
   \   00000098   0xB2C0             UXTB     R0,R0            ;; ZeroExt  R0,R0,#+24,#+24
   \   0000009A   0x.... 0x....      BL       LCD_tuxing1
   \   0000009E   0x1C64             ADDS     R4,R4,#+1
   \                     ??jianmian_8: (+1)
   \   000000A0   0xB2E4             UXTB     R4,R4            ;; ZeroExt  R4,R4,#+24,#+24
   \   000000A2   0x2C7E             CMP      R4,#+126
   \   000000A4   0xDBF5             BLT.N    ??jianmian_9
   \   000000A6   0x.... 0x....      LDR.W    R0,??DataTable1_2
   \   000000AA   0x8800             LDRH     R0,[R0, #+0]
   \   000000AC   0x2801             CMP      R0,#+1
   \   000000AE   0xD007             BEQ.N    ??jianmian_10
   \   000000B0   0xD379             BCC.N    ??jianmian_11
   \   000000B2   0x2803             CMP      R0,#+3
   \   000000B4   0xD038             BEQ.N    ??jianmian_12
   \   000000B6   0xD31A             BCC.N    ??jianmian_13
   \   000000B8   0x2805             CMP      R0,#+5
   \   000000BA   0xD058             BEQ.N    ??jianmian_14
   \   000000BC   0xD34C             BCC.N    ??jianmian_15
   \   000000BE   0xE072             B.N      ??jianmian_11
   \                     ??jianmian_10: (+1)
   \   000000C0   0x2400             MOVS     R4,#+0
   \   000000C2   0xE00B             B.N      ??jianmian_16
   \                     ??jianmian_17: (+1)
   \   000000C4   0x1DA2             ADDS     R2,R4,#+6
   \   000000C6   0xB2D2             UXTB     R2,R2            ;; ZeroExt  R2,R2,#+24,#+24
   \   000000C8   0x2103             MOVS     R1,#+3
   \   000000CA   0xB2A4             UXTH     R4,R4            ;; ZeroExt  R4,R4,#+16,#+16
   \   000000CC   0x200E             MOVS     R0,#+14
   \   000000CE   0xFB00 0xF004      MUL      R0,R0,R4
   \   000000D2   0x3048             ADDS     R0,R0,#+72
   \   000000D4   0xB2C0             UXTB     R0,R0            ;; ZeroExt  R0,R0,#+24,#+24
   \   000000D6   0x.... 0x....      BL       LCD_P14x16Ch
   \   000000DA   0x1C64             ADDS     R4,R4,#+1
   \                     ??jianmian_16: (+1)
   \   000000DC   0xB2A4             UXTH     R4,R4            ;; ZeroExt  R4,R4,#+16,#+16
   \   000000DE   0x2C03             CMP      R4,#+3
   \   000000E0   0xDBF0             BLT.N    ??jianmian_17
   \   000000E2   0x2200             MOVS     R2,#+0
   \   000000E4   0x2103             MOVS     R1,#+3
   \   000000E6   0x200F             MOVS     R0,#+15
   \   000000E8   0x.... 0x....      BL       LCD_tuxing2
   \   000000EC   0xE05B             B.N      ??jianmian_11
   \                     ??jianmian_13: (+1)
   \   000000EE   0x2400             MOVS     R4,#+0
   \   000000F0   0xE00C             B.N      ??jianmian_18
   \                     ??jianmian_19: (+1)
   \   000000F2   0xF114 0x021C      ADDS     R2,R4,#+28
   \   000000F6   0xB2D2             UXTB     R2,R2            ;; ZeroExt  R2,R2,#+24,#+24
   \   000000F8   0x2103             MOVS     R1,#+3
   \   000000FA   0xB2A4             UXTH     R4,R4            ;; ZeroExt  R4,R4,#+16,#+16
   \   000000FC   0x200E             MOVS     R0,#+14
   \   000000FE   0xFB00 0xF004      MUL      R0,R0,R4
   \   00000102   0x3048             ADDS     R0,R0,#+72
   \   00000104   0xB2C0             UXTB     R0,R0            ;; ZeroExt  R0,R0,#+24,#+24
   \   00000106   0x.... 0x....      BL       LCD_P14x16Ch
   \   0000010A   0x1C64             ADDS     R4,R4,#+1
   \                     ??jianmian_18: (+1)
   \   0000010C   0xB2A4             UXTH     R4,R4            ;; ZeroExt  R4,R4,#+16,#+16
   \   0000010E   0x2C02             CMP      R4,#+2
   \   00000110   0xDBEF             BLT.N    ??jianmian_19
   \   00000112   0x220F             MOVS     R2,#+15
   \   00000114   0x2103             MOVS     R1,#+3
   \   00000116   0x2064             MOVS     R0,#+100
   \   00000118   0x.... 0x....      BL       LCD_P14x16Ch
   \   0000011C   0x2202             MOVS     R2,#+2
   \   0000011E   0x2103             MOVS     R1,#+3
   \   00000120   0x200F             MOVS     R0,#+15
   \   00000122   0x.... 0x....      BL       LCD_tuxing2
   \   00000126   0xE03E             B.N      ??jianmian_11
   \                     ??jianmian_12: (+1)
   \   00000128   0x2400             MOVS     R4,#+0
   \   0000012A   0xE00C             B.N      ??jianmian_20
   \                     ??jianmian_21: (+1)
   \   0000012C   0xF114 0x0222      ADDS     R2,R4,#+34
   \   00000130   0xB2D2             UXTB     R2,R2            ;; ZeroExt  R2,R2,#+24,#+24
   \   00000132   0x2103             MOVS     R1,#+3
   \   00000134   0xB2A4             UXTH     R4,R4            ;; ZeroExt  R4,R4,#+16,#+16
   \   00000136   0x200E             MOVS     R0,#+14
   \   00000138   0xFB00 0xF004      MUL      R0,R0,R4
   \   0000013C   0x3048             ADDS     R0,R0,#+72
   \   0000013E   0xB2C0             UXTB     R0,R0            ;; ZeroExt  R0,R0,#+24,#+24
   \   00000140   0x.... 0x....      BL       LCD_P14x16Ch
   \   00000144   0x1C64             ADDS     R4,R4,#+1
   \                     ??jianmian_20: (+1)
   \   00000146   0xB2A4             UXTH     R4,R4            ;; ZeroExt  R4,R4,#+16,#+16
   \   00000148   0x2C03             CMP      R4,#+3
   \   0000014A   0xDBEF             BLT.N    ??jianmian_21
   \   0000014C   0x2201             MOVS     R2,#+1
   \   0000014E   0x2103             MOVS     R1,#+3
   \   00000150   0x200F             MOVS     R0,#+15
   \   00000152   0x.... 0x....      BL       LCD_tuxing2
   \   00000156   0xE026             B.N      ??jianmian_11
   \                     ??jianmian_15: (+1)
   \   00000158   0x....             LDR.N    R2,??DataTable1_4
   \   0000015A   0x2103             MOVS     R1,#+3
   \   0000015C   0x2048             MOVS     R0,#+72
   \   0000015E   0x.... 0x....      BL       LCD_P8x16Str
   \   00000162   0x2203             MOVS     R2,#+3
   \   00000164   0x2103             MOVS     R1,#+3
   \   00000166   0x200F             MOVS     R0,#+15
   \   00000168   0x.... 0x....      BL       LCD_tuxing2
   \   0000016C   0xE01B             B.N      ??jianmian_11
   \                     ??jianmian_14: (+1)
   \   0000016E   0x2400             MOVS     R4,#+0
   \   00000170   0xE00C             B.N      ??jianmian_22
   \                     ??jianmian_23: (+1)
   \   00000172   0xF114 0x0239      ADDS     R2,R4,#+57
   \   00000176   0xB2D2             UXTB     R2,R2            ;; ZeroExt  R2,R2,#+24,#+24
   \   00000178   0x2103             MOVS     R1,#+3
   \   0000017A   0xB2A4             UXTH     R4,R4            ;; ZeroExt  R4,R4,#+16,#+16
   \   0000017C   0x200E             MOVS     R0,#+14
   \   0000017E   0xFB00 0xF004      MUL      R0,R0,R4
   \   00000182   0x3048             ADDS     R0,R0,#+72
   \   00000184   0xB2C0             UXTB     R0,R0            ;; ZeroExt  R0,R0,#+24,#+24
   \   00000186   0x.... 0x....      BL       LCD_P14x16Ch
   \   0000018A   0x1C64             ADDS     R4,R4,#+1
   \                     ??jianmian_22: (+1)
   \   0000018C   0xB2A4             UXTH     R4,R4            ;; ZeroExt  R4,R4,#+16,#+16
   \   0000018E   0x2C02             CMP      R4,#+2
   \   00000190   0xDBEF             BLT.N    ??jianmian_23
   \   00000192   0x220F             MOVS     R2,#+15
   \   00000194   0x2103             MOVS     R1,#+3
   \   00000196   0x2064             MOVS     R0,#+100
   \   00000198   0x.... 0x....      BL       LCD_P14x16Ch
   \   0000019C   0x2204             MOVS     R2,#+4
   \   0000019E   0x2103             MOVS     R1,#+3
   \   000001A0   0x200F             MOVS     R0,#+15
   \   000001A2   0x.... 0x....      BL       LCD_tuxing2
   \                     ??jianmian_11: (+1)
   \   000001A6   0x....             LDR.N    R0,??DataTable1_5
   \   000001A8   0x8800             LDRH     R0,[R0, #+0]
   \   000001AA   0x2800             CMP      R0,#+0
   \   000001AC   0xD11D             BNE.N    ??jianmian_24
   \   000001AE   0xF44F 0x70FA      MOV      R0,#+500
   \   000001B2   0x.... 0x....      BL       delay
   \   000001B6   0x....             LDR.N    R0,??DataTable1_5
   \   000001B8   0x8800             LDRH     R0,[R0, #+0]
   \   000001BA   0x2800             CMP      R0,#+0
   \   000001BC   0xD111             BNE.N    ??jianmian_25
   \   000001BE   0x....             LDR.N    R0,??DataTable1_2
   \   000001C0   0x8800             LDRH     R0,[R0, #+0]
   \   000001C2   0x1E40             SUBS     R0,R0,#+1
   \   000001C4   0x....             LDR.N    R1,??DataTable1_2
   \   000001C6   0x8008             STRH     R0,[R1, #+0]
   \   000001C8   0x2002             MOVS     R0,#+2
   \   000001CA   0x.... 0x....      BL       playmusic
   \   000001CE   0x....             LDR.N    R0,??DataTable1_2
   \   000001D0   0x8800             LDRH     R0,[R0, #+0]
   \   000001D2   0x2800             CMP      R0,#+0
   \   000001D4   0xD105             BNE.N    ??jianmian_25
   \   000001D6   0x2005             MOVS     R0,#+5
   \   000001D8   0x....             LDR.N    R1,??DataTable1_2
   \   000001DA   0x8008             STRH     R0,[R1, #+0]
   \   000001DC   0xE001             B.N      ??jianmian_25
   \                     ??jianmian_26: (+1)
   \   000001DE   0x.... 0x....      BL       key
   \                     ??jianmian_25: (+1)
   \   000001E2   0x....             LDR.N    R0,??DataTable1_5
   \   000001E4   0x8800             LDRH     R0,[R0, #+0]
   \   000001E6   0x2800             CMP      R0,#+0
   \   000001E8   0xD0F9             BEQ.N    ??jianmian_26
   \                     ??jianmian_24: (+1)
   \   000001EA   0x....             LDR.N    R0,??DataTable1_6
   \   000001EC   0x8800             LDRH     R0,[R0, #+0]
   \   000001EE   0x2800             CMP      R0,#+0
   \   000001F0   0xD11D             BNE.N    ??jianmian_27
   \   000001F2   0xF44F 0x70FA      MOV      R0,#+500
   \   000001F6   0x.... 0x....      BL       delay
   \   000001FA   0x....             LDR.N    R0,??DataTable1_6
   \   000001FC   0x8800             LDRH     R0,[R0, #+0]
   \   000001FE   0x2800             CMP      R0,#+0
   \   00000200   0xD111             BNE.N    ??jianmian_28
   \   00000202   0x....             LDR.N    R0,??DataTable1_2
   \   00000204   0x8800             LDRH     R0,[R0, #+0]
   \   00000206   0x1C40             ADDS     R0,R0,#+1
   \   00000208   0x....             LDR.N    R1,??DataTable1_2
   \   0000020A   0x8008             STRH     R0,[R1, #+0]
   \   0000020C   0x2002             MOVS     R0,#+2
   \   0000020E   0x.... 0x....      BL       playmusic
   \   00000212   0x....             LDR.N    R0,??DataTable1_2
   \   00000214   0x8800             LDRH     R0,[R0, #+0]
   \   00000216   0x2806             CMP      R0,#+6
   \   00000218   0xD105             BNE.N    ??jianmian_28
   \   0000021A   0x2001             MOVS     R0,#+1
   \   0000021C   0x....             LDR.N    R1,??DataTable1_2
   \   0000021E   0x8008             STRH     R0,[R1, #+0]
   \   00000220   0xE001             B.N      ??jianmian_28
   \                     ??jianmian_29: (+1)
   \   00000222   0x.... 0x....      BL       key
   \                     ??jianmian_28: (+1)
   \   00000226   0x....             LDR.N    R0,??DataTable1_6
   \   00000228   0x8800             LDRH     R0,[R0, #+0]
   \   0000022A   0x2800             CMP      R0,#+0
   \   0000022C   0xD0F9             BEQ.N    ??jianmian_29
   \                     ??jianmian_27: (+1)
   \   0000022E   0x2400             MOVS     R4,#+0
   \   00000230   0xE6F8             B.N      ??jianmian_2
     65            }
     66            djm=1;gamestart=1;
   \                     ??jianmian_3: (+1)
   \   00000232   0x2001             MOVS     R0,#+1
   \   00000234   0x....             LDR.N    R1,??DataTable1_3
   \   00000236   0x7008             STRB     R0,[R1, #+0]
   \   00000238   0x2001             MOVS     R0,#+1
   \   0000023A   0x....             LDR.N    R1,??DataTable1_7
   \   0000023C   0x8008             STRH     R0,[R1, #+0]
     67          LCD_CLS();
   \   0000023E   0x.... 0x....      BL       LCD_CLS
     68          }
   \   00000242   0xBD13             POP      {R0,R1,R4,PC}    ;; return
     69          

   \                                 In section .text, align 2, keep-with-next
     70          void xtjianmian(void){
   \                     xtjianmian: (+1)
   \   00000000   0xB570             PUSH     {R4-R6,LR}
     71            uint8 xtshu=1;
   \   00000002   0x2401             MOVS     R4,#+1
     72            LCD_P14x16Ch(105,xtshu*2+1,16);
   \   00000004   0x2210             MOVS     R2,#+16
   \   00000006   0xB2E4             UXTB     R4,R4            ;; ZeroExt  R4,R4,#+24,#+24
   \   00000008   0x0060             LSLS     R0,R4,#+1
   \   0000000A   0x1C41             ADDS     R1,R0,#+1
   \   0000000C   0xB2C9             UXTB     R1,R1            ;; ZeroExt  R1,R1,#+24,#+24
   \   0000000E   0x2069             MOVS     R0,#+105
   \   00000010   0x.... 0x....      BL       LCD_P14x16Ch
     73            uint8 a=33;
   \   00000014   0x2021             MOVS     R0,#+33
     74            uint8 b=45;
   \   00000016   0x212D             MOVS     R1,#+45
     75            uint8 d=1;
   \   00000018   0x2501             MOVS     R5,#+1
   \   0000001A   0xE00A             B.N      ??xtjianmian_0
     76          while(1){
     77          while(d){
     78            if(gamestart==0)
     79              return;
     80            key();
     81            for (uint8 i=0;i<2;++i){LCD_P14x16Ch(40+30*i,0,i+64);}
     82            for (uint8 i=0;i<5;++i){LCD_P14x16Ch(25+16*i,3,i+59);}
     83            //LCD_P8x16Str(16,0,"Flash Player");
     84            //LCD_P8x16Str(20,3,"666666");
     85            LCD_P8x16Str(25,5,"  SD Card");
     86            LCD_P14x16Ch(105,xtshu*2+1,16);
     87              if(key_up==0){
     88                delay(500);
     89                if(key_up==0){
     90                  xtshu--;
     91                  playmusic(2);
     92                  if(xtshu==0)
     93                    xtshu=2;
     94              LCD_P14x16Ch(105,3,15);
     95              LCD_P14x16Ch(105,5,15);
     96              //LCD_P14x16Ch(105,6,15);
     97              LCD_P14x16Ch(105,xtshu*2+1,16);
     98                }while(!key_up){key();}
     99              }
    100              if(key_down==0){
    101                delay(500);
    102                if(key_down==0){
    103                  xtshu++;
    104                  playmusic(2);
    105                  if(xtshu==3)
    106                    xtshu=1;
    107              LCD_P14x16Ch(105,3,15);
    108              LCD_P14x16Ch(105,5,15);
    109              //LCD_P14x16Ch(105,6,15);
    110              LCD_P14x16Ch(105,xtshu*2+1,16);
    111                }while(!key_down){key();}
    112              }
    113              if(key_left==0||key_right==0){
    114                delay(500);
    115                if(key_left==0||key_right==0){
    116                  d=0;
    117                }while(!key_left||!key_right){key();}
    118              }
    119            }
    120            LCD_CLS();
    121            gameing=1;
    122            if(xtshu==1){
    123              mosixuanzi=6;
    124              huatu();
    125              mosixuanzi=5;
    126            }
    127            else
    128            readsd();
   \                     ??xtjianmian_1: (+1)
   \   0000001C   0x.... 0x....      BL       readsd
    129            LCD_CLS();
   \                     ??xtjianmian_2: (+1)
   \   00000020   0x.... 0x....      BL       LCD_CLS
    130            gamestart=1;d=1;
   \   00000024   0x2001             MOVS     R0,#+1
   \   00000026   0x....             LDR.N    R1,??DataTable1_7
   \   00000028   0x8008             STRH     R0,[R1, #+0]
   \   0000002A   0x2501             MOVS     R5,#+1
    131            delay(100);
   \   0000002C   0x2064             MOVS     R0,#+100
   \   0000002E   0x.... 0x....      BL       delay
   \                     ??xtjianmian_0: (+1)
   \                     ??xtjianmian_3: (+1)
   \   00000032   0xB2ED             UXTB     R5,R5            ;; ZeroExt  R5,R5,#+24,#+24
   \   00000034   0x2D00             CMP      R5,#+0
   \   00000036   0xF000 0x80B2      BEQ.W    ??xtjianmian_4
   \   0000003A   0x....             LDR.N    R0,??DataTable1_7
   \   0000003C   0x8800             LDRH     R0,[R0, #+0]
   \   0000003E   0x2800             CMP      R0,#+0
   \   00000040   0xD100             BNE.N    ??xtjianmian_5
   \   00000042   0xBD70             POP      {R4-R6,PC}       ;; return
   \                     ??xtjianmian_5: (+1)
   \   00000044   0x.... 0x....      BL       key
   \   00000048   0x2600             MOVS     R6,#+0
   \   0000004A   0xE00C             B.N      ??xtjianmian_6
   \                     ??xtjianmian_7: (+1)
   \   0000004C   0xF116 0x0240      ADDS     R2,R6,#+64
   \   00000050   0xB2D2             UXTB     R2,R2            ;; ZeroExt  R2,R2,#+24,#+24
   \   00000052   0x2100             MOVS     R1,#+0
   \   00000054   0xB2F6             UXTB     R6,R6            ;; ZeroExt  R6,R6,#+24,#+24
   \   00000056   0x201E             MOVS     R0,#+30
   \   00000058   0xFB00 0xF006      MUL      R0,R0,R6
   \   0000005C   0x3028             ADDS     R0,R0,#+40
   \   0000005E   0xB2C0             UXTB     R0,R0            ;; ZeroExt  R0,R0,#+24,#+24
   \   00000060   0x.... 0x....      BL       LCD_P14x16Ch
   \   00000064   0x1C76             ADDS     R6,R6,#+1
   \                     ??xtjianmian_6: (+1)
   \   00000066   0xB2F6             UXTB     R6,R6            ;; ZeroExt  R6,R6,#+24,#+24
   \   00000068   0x2E02             CMP      R6,#+2
   \   0000006A   0xDBEF             BLT.N    ??xtjianmian_7
   \   0000006C   0x2600             MOVS     R6,#+0
   \   0000006E   0xE00A             B.N      ??xtjianmian_8
   \                     ??xtjianmian_9: (+1)
   \   00000070   0xF116 0x023B      ADDS     R2,R6,#+59
   \   00000074   0xB2D2             UXTB     R2,R2            ;; ZeroExt  R2,R2,#+24,#+24
   \   00000076   0x2103             MOVS     R1,#+3
   \   00000078   0xB2F6             UXTB     R6,R6            ;; ZeroExt  R6,R6,#+24,#+24
   \   0000007A   0x0130             LSLS     R0,R6,#+4
   \   0000007C   0x3019             ADDS     R0,R0,#+25
   \   0000007E   0xB2C0             UXTB     R0,R0            ;; ZeroExt  R0,R0,#+24,#+24
   \   00000080   0x.... 0x....      BL       LCD_P14x16Ch
   \   00000084   0x1C76             ADDS     R6,R6,#+1
   \                     ??xtjianmian_8: (+1)
   \   00000086   0xB2F6             UXTB     R6,R6            ;; ZeroExt  R6,R6,#+24,#+24
   \   00000088   0x2E05             CMP      R6,#+5
   \   0000008A   0xDBF1             BLT.N    ??xtjianmian_9
   \   0000008C   0x....             LDR.N    R2,??DataTable1_8
   \   0000008E   0x2105             MOVS     R1,#+5
   \   00000090   0x2019             MOVS     R0,#+25
   \   00000092   0x.... 0x....      BL       LCD_P8x16Str
   \   00000096   0x2210             MOVS     R2,#+16
   \   00000098   0xB2E4             UXTB     R4,R4            ;; ZeroExt  R4,R4,#+24,#+24
   \   0000009A   0x0060             LSLS     R0,R4,#+1
   \   0000009C   0x1C41             ADDS     R1,R0,#+1
   \   0000009E   0xB2C9             UXTB     R1,R1            ;; ZeroExt  R1,R1,#+24,#+24
   \   000000A0   0x2069             MOVS     R0,#+105
   \   000000A2   0x.... 0x....      BL       LCD_P14x16Ch
   \   000000A6   0x....             LDR.N    R0,??DataTable1_9
   \   000000A8   0x8800             LDRH     R0,[R0, #+0]
   \   000000AA   0x2800             CMP      R0,#+0
   \   000000AC   0xD128             BNE.N    ??xtjianmian_10
   \   000000AE   0xF44F 0x70FA      MOV      R0,#+500
   \   000000B2   0x.... 0x....      BL       delay
   \   000000B6   0x....             LDR.N    R0,??DataTable1_9
   \   000000B8   0x8800             LDRH     R0,[R0, #+0]
   \   000000BA   0x2800             CMP      R0,#+0
   \   000000BC   0xD11C             BNE.N    ??xtjianmian_11
   \   000000BE   0x1E64             SUBS     R4,R4,#+1
   \   000000C0   0x2002             MOVS     R0,#+2
   \   000000C2   0x.... 0x....      BL       playmusic
   \   000000C6   0xB2E4             UXTB     R4,R4            ;; ZeroExt  R4,R4,#+24,#+24
   \   000000C8   0x2C00             CMP      R4,#+0
   \   000000CA   0xD100             BNE.N    ??xtjianmian_12
   \   000000CC   0x2402             MOVS     R4,#+2
   \                     ??xtjianmian_12: (+1)
   \   000000CE   0x220F             MOVS     R2,#+15
   \   000000D0   0x2103             MOVS     R1,#+3
   \   000000D2   0x2069             MOVS     R0,#+105
   \   000000D4   0x.... 0x....      BL       LCD_P14x16Ch
   \   000000D8   0x220F             MOVS     R2,#+15
   \   000000DA   0x2105             MOVS     R1,#+5
   \   000000DC   0x2069             MOVS     R0,#+105
   \   000000DE   0x.... 0x....      BL       LCD_P14x16Ch
   \   000000E2   0x2210             MOVS     R2,#+16
   \   000000E4   0xB2E4             UXTB     R4,R4            ;; ZeroExt  R4,R4,#+24,#+24
   \   000000E6   0x0060             LSLS     R0,R4,#+1
   \   000000E8   0x1C41             ADDS     R1,R0,#+1
   \   000000EA   0xB2C9             UXTB     R1,R1            ;; ZeroExt  R1,R1,#+24,#+24
   \   000000EC   0x2069             MOVS     R0,#+105
   \   000000EE   0x.... 0x....      BL       LCD_P14x16Ch
   \   000000F2   0xE001             B.N      ??xtjianmian_11
   \                     ??xtjianmian_13: (+1)
   \   000000F4   0x.... 0x....      BL       key
   \                     ??xtjianmian_11: (+1)
   \   000000F8   0x....             LDR.N    R0,??DataTable1_9
   \   000000FA   0x8800             LDRH     R0,[R0, #+0]
   \   000000FC   0x2800             CMP      R0,#+0
   \   000000FE   0xD0F9             BEQ.N    ??xtjianmian_13
   \                     ??xtjianmian_10: (+1)
   \   00000100   0x....             LDR.N    R0,??DataTable1_10
   \   00000102   0x8800             LDRH     R0,[R0, #+0]
   \   00000104   0x2800             CMP      R0,#+0
   \   00000106   0xD128             BNE.N    ??xtjianmian_14
   \   00000108   0xF44F 0x70FA      MOV      R0,#+500
   \   0000010C   0x.... 0x....      BL       delay
   \   00000110   0x....             LDR.N    R0,??DataTable1_10
   \   00000112   0x8800             LDRH     R0,[R0, #+0]
   \   00000114   0x2800             CMP      R0,#+0
   \   00000116   0xD11C             BNE.N    ??xtjianmian_15
   \   00000118   0x1C64             ADDS     R4,R4,#+1
   \   0000011A   0x2002             MOVS     R0,#+2
   \   0000011C   0x.... 0x....      BL       playmusic
   \   00000120   0xB2E4             UXTB     R4,R4            ;; ZeroExt  R4,R4,#+24,#+24
   \   00000122   0x2C03             CMP      R4,#+3
   \   00000124   0xD100             BNE.N    ??xtjianmian_16
   \   00000126   0x2401             MOVS     R4,#+1
   \                     ??xtjianmian_16: (+1)
   \   00000128   0x220F             MOVS     R2,#+15
   \   0000012A   0x2103             MOVS     R1,#+3
   \   0000012C   0x2069             MOVS     R0,#+105
   \   0000012E   0x.... 0x....      BL       LCD_P14x16Ch
   \   00000132   0x220F             MOVS     R2,#+15
   \   00000134   0x2105             MOVS     R1,#+5
   \   00000136   0x2069             MOVS     R0,#+105
   \   00000138   0x.... 0x....      BL       LCD_P14x16Ch
   \   0000013C   0x2210             MOVS     R2,#+16
   \   0000013E   0xB2E4             UXTB     R4,R4            ;; ZeroExt  R4,R4,#+24,#+24
   \   00000140   0x0060             LSLS     R0,R4,#+1
   \   00000142   0x1C41             ADDS     R1,R0,#+1
   \   00000144   0xB2C9             UXTB     R1,R1            ;; ZeroExt  R1,R1,#+24,#+24
   \   00000146   0x2069             MOVS     R0,#+105
   \   00000148   0x.... 0x....      BL       LCD_P14x16Ch
   \   0000014C   0xE001             B.N      ??xtjianmian_15
   \                     ??xtjianmian_17: (+1)
   \   0000014E   0x.... 0x....      BL       key
   \                     ??xtjianmian_15: (+1)
   \   00000152   0x....             LDR.N    R0,??DataTable1_10
   \   00000154   0x8800             LDRH     R0,[R0, #+0]
   \   00000156   0x2800             CMP      R0,#+0
   \   00000158   0xD0F9             BEQ.N    ??xtjianmian_17
   \                     ??xtjianmian_14: (+1)
   \   0000015A   0x....             LDR.N    R0,??DataTable1_5
   \   0000015C   0x8800             LDRH     R0,[R0, #+0]
   \   0000015E   0x2800             CMP      R0,#+0
   \   00000160   0xD004             BEQ.N    ??xtjianmian_18
   \   00000162   0x....             LDR.N    R0,??DataTable1_6
   \   00000164   0x8800             LDRH     R0,[R0, #+0]
   \   00000166   0x2800             CMP      R0,#+0
   \   00000168   0xF47F 0xAF63      BNE.W    ??xtjianmian_3
   \                     ??xtjianmian_18: (+1)
   \   0000016C   0xF44F 0x70FA      MOV      R0,#+500
   \   00000170   0x.... 0x....      BL       delay
   \   00000174   0x....             LDR.N    R0,??DataTable1_5
   \   00000176   0x8800             LDRH     R0,[R0, #+0]
   \   00000178   0x2800             CMP      R0,#+0
   \   0000017A   0xD003             BEQ.N    ??xtjianmian_19
   \   0000017C   0x....             LDR.N    R0,??DataTable1_6
   \   0000017E   0x8800             LDRH     R0,[R0, #+0]
   \   00000180   0x2800             CMP      R0,#+0
   \   00000182   0xD100             BNE.N    ??xtjianmian_20
   \                     ??xtjianmian_19: (+1)
   \   00000184   0x2500             MOVS     R5,#+0
   \                     ??xtjianmian_20: (+1)
   \   00000186   0x....             LDR.N    R0,??DataTable1_5
   \   00000188   0x8800             LDRH     R0,[R0, #+0]
   \   0000018A   0x2800             CMP      R0,#+0
   \   0000018C   0xD004             BEQ.N    ??xtjianmian_21
   \   0000018E   0x....             LDR.N    R0,??DataTable1_6
   \   00000190   0x8800             LDRH     R0,[R0, #+0]
   \   00000192   0x2800             CMP      R0,#+0
   \   00000194   0xF47F 0xAF4D      BNE.W    ??xtjianmian_3
   \                     ??xtjianmian_21: (+1)
   \   00000198   0x.... 0x....      BL       key
   \   0000019C   0xE7F3             B.N      ??xtjianmian_20
   \                     ??xtjianmian_4: (+1)
   \   0000019E   0x.... 0x....      BL       LCD_CLS
   \   000001A2   0x2001             MOVS     R0,#+1
   \   000001A4   0x....             LDR.N    R1,??DataTable1_11
   \   000001A6   0x8008             STRH     R0,[R1, #+0]
   \   000001A8   0xB2E4             UXTB     R4,R4            ;; ZeroExt  R4,R4,#+24,#+24
   \   000001AA   0x2C01             CMP      R4,#+1
   \   000001AC   0xF47F 0xAF36      BNE.W    ??xtjianmian_1
   \   000001B0   0x2006             MOVS     R0,#+6
   \   000001B2   0x....             LDR.N    R1,??DataTable1_2
   \   000001B4   0x8008             STRH     R0,[R1, #+0]
   \   000001B6   0x.... 0x....      BL       huatu
   \   000001BA   0x2005             MOVS     R0,#+5
   \   000001BC   0x....             LDR.N    R1,??DataTable1_2
   \   000001BE   0x8008             STRH     R0,[R1, #+0]
   \   000001C0   0xE72E             B.N      ??xtjianmian_2
    132            }
    133          }

   \                                 In section .text, align 4, keep-with-next
   \                     ??DataTable1:
   \   00000000   0x........         DC32     ?_0

   \                                 In section .text, align 4, keep-with-next
   \                     ??DataTable1_1:
   \   00000000   0x........         DC32     jmms

   \                                 In section .text, align 4, keep-with-next
   \                     ??DataTable1_2:
   \   00000000   0x........         DC32     mosixuanzi

   \                                 In section .text, align 4, keep-with-next
   \                     ??DataTable1_3:
   \   00000000   0x........         DC32     djm

   \                                 In section .text, align 4, keep-with-next
   \                     ??DataTable1_4:
   \   00000000   0x........         DC32     ?_1

   \                                 In section .text, align 4, keep-with-next
   \                     ??DataTable1_5:
   \   00000000   0x........         DC32     key_left

   \                                 In section .text, align 4, keep-with-next
   \                     ??DataTable1_6:
   \   00000000   0x........         DC32     key_right

   \                                 In section .text, align 4, keep-with-next
   \                     ??DataTable1_7:
   \   00000000   0x........         DC32     gamestart

   \                                 In section .text, align 4, keep-with-next
   \                     ??DataTable1_8:
   \   00000000   0x........         DC32     ?_2

   \                                 In section .text, align 4, keep-with-next
   \                     ??DataTable1_9:
   \   00000000   0x........         DC32     key_up

   \                                 In section .text, align 4, keep-with-next
   \                     ??DataTable1_10:
   \   00000000   0x........         DC32     key_down

   \                                 In section .text, align 4, keep-with-next
   \                     ??DataTable1_11:
   \   00000000   0x........         DC32     gameing

   \                                 In section .rodata, align 4
   \                     ?_0:
   \   00000000   0x01 0x00          DC8 1, 0, 0, 0, 0, 0, 0, 0
   \              0x00 0x00    
   \              0x00 0x00    
   \              0x00 0x00    

   \                                 In section .rodata, align 4
   \                     ?_1:
   \   00000000   0x46 0x6C          DC8 "Flash "
   \              0x61 0x73    
   \              0x68 0x20    
   \              0x00         
   \   00000007   0x00               DC8 0

   \                                 In section .rodata, align 4
   \                     ?_2:
   \   00000000   0x20 0x20          DC8 "  SD Card"
   \              0x53 0x44    
   \              0x20 0x43    
   \              0x61 0x72    
   \              0x64 0x00    
   \   0000000A   0x00 0x00          DC8 0, 0

   Maximum stack usage in bytes:

   .cstack Function
   ------- --------
      16   jianmian
        16   -> LCD_CLS
        16   -> LCD_P14x16Ch
        16   -> LCD_P8x16Str
        16   -> LCD_tuxing
        16   -> LCD_tuxing1
        16   -> LCD_tuxing2
        16   -> delay
        16   -> key
        16   -> playmusic
      16   xtjianmian
        16   -> LCD_CLS
        16   -> LCD_P14x16Ch
        16   -> LCD_P8x16Str
        16   -> delay
        16   -> huatu
        16   -> key
        16   -> playmusic
        16   -> readsd


   Section sizes:

   Bytes  Function/Label
   -----  --------------
       4  ??DataTable1
       4  ??DataTable1_1
       4  ??DataTable1_10
       4  ??DataTable1_11
       4  ??DataTable1_2
       4  ??DataTable1_3
       4  ??DataTable1_4
       4  ??DataTable1_5
       4  ??DataTable1_6
       4  ??DataTable1_7
       4  ??DataTable1_8
       4  ??DataTable1_9
       8  ?_0
       8  ?_1
      12  ?_2
       1  djm
     580  jianmian
       1  jmms
     450  xtjianmian

 
     1 byte  in section .bss
     1 byte  in section .data
    28 bytes in section .rodata
 1 078 bytes in section .text
 
 1 078 bytes of CODE  memory
    28 bytes of CONST memory
     2 bytes of DATA  memory

Errors: none
Warnings: 3
